<?xml version="1.0" encoding="UTF-8"?>
<testng-results ignored="0" total="1" passed="1" failed="0" skipped="0">
  <reporter-output>
  </reporter-output>
  <suite started-at="2024-07-14T18:32:42 IST" name="Surefire suite" finished-at="2024-07-14T18:32:51 IST" duration-ms="8280">
    <groups>
    </groups>
    <test started-at="2024-07-14T18:32:42 IST" name="Surefire test" finished-at="2024-07-14T18:32:51 IST" duration-ms="8280">
      <class name="Testscript.CTest">
        <test-method signature="m3()[pri:0, instance:Testscript.CTest@527e5409]" started-at="2024-07-14T18:32:42 IST" name="m3" finished-at="2024-07-14T18:32:51 IST" duration-ms="8225" status="PASS">
          <reporter-output>
          </reporter-output>
        </test-method> <!-- m3 -->
      </class> <!-- Testscript.CTest -->
    </test> <!-- Surefire test -->
  </suite> <!-- Surefire suite -->
</testng-results>
